<?xml version="1.0" encoding="UTF-8"?>
<!-- Generated by org.testng.reporters.JUnitReportReporter -->
<testsuite hostname="DESKTOP-HV3P354" failures="0" tests="1" name="explorer.DynamicJson" time="2.068" errors="0" timestamp="2025-01-31T09:51:32 IST" skipped="0">
  <testcase classname="explorer.DynamicJson" name="addBook" time="2.068"/>
</testsuite> <!-- explorer.DynamicJson -->
