<?xml version="1.0" encoding="UTF-8"?>
<!-- Generated by org.testng.reporters.JUnitReportReporter -->
<testsuite hostname="DESKTOP-HV3P354" failures="0" tests="1" name="explorer.JsonExplorer" time="1.802" errors="0" timestamp="2025-01-31T08:18:41 IST" skipped="0">
  <testcase classname="explorer.JsonExplorer" name="testMockResponse" time="1.802"/>
</testsuite> <!-- explorer.JsonExplorer -->
