<?xml version="1.0" encoding="UTF-8"?>
<!-- Generated by org.testng.reporters.JUnitReportReporter -->
<testsuite hostname="DESKTOP-HV3P354" failures="0" tests="1" name="oAuth.GetCourseDetailsOauth" time="3.549" errors="0" timestamp="2025-02-05T09:57:25 IST" skipped="0">
  <testcase classname="oAuth.GetCourseDetailsOauth" name="get_courseDetails" time="3.549"/>
</testsuite> <!-- oAuth.GetCourseDetailsOauth -->
